/nfs/apps/7/arch/generic/scikit-learn/0.18.0-Python-2.7.12/lib/python2.7/site-packages/sklearn/metrics/classification.py:1113: UndefinedMetricWarning: Precision is ill-defined and being set to 0.0 due to no predicted samples.
  'precision', 'predicted', average, warn_for)
/nfs/apps/7/arch/generic/scikit-learn/0.18.0-Python-2.7.12/lib/python2.7/site-packages/sklearn/metrics/classification.py:1113: UndefinedMetricWarning: F-score is ill-defined and being set to 0.0 due to no predicted samples.
  'precision', 'predicted', average, warn_for)
/nfs/apps/7/arch/generic/scikit-learn/0.18.0-Python-2.7.12/lib/python2.7/site-packages/sklearn/metrics/classification.py:516: RuntimeWarning: invalid value encountered in double_scalars
  mcc = cov_ytyp / np.sqrt(var_yt * var_yp)
/nfs/apps/7/arch/generic/scikit-learn/0.18.0-Python-2.7.12/lib/python2.7/site-packages/sklearn/metrics/classification.py:1113: UndefinedMetricWarning: Precision is ill-defined and being set to 0.0 due to no predicted samples.
  'precision', 'predicted', average, warn_for)
/nfs/apps/7/arch/generic/scikit-learn/0.18.0-Python-2.7.12/lib/python2.7/site-packages/sklearn/metrics/classification.py:1113: UndefinedMetricWarning: F-score is ill-defined and being set to 0.0 due to no predicted samples.
  'precision', 'predicted', average, warn_for)
/nfs/apps/7/arch/generic/scikit-learn/0.18.0-Python-2.7.12/lib/python2.7/site-packages/sklearn/metrics/classification.py:516: RuntimeWarning: invalid value encountered in double_scalars
  mcc = cov_ytyp / np.sqrt(var_yt * var_yp)
/nfs/apps/7/arch/generic/scikit-learn/0.18.0-Python-2.7.12/lib/python2.7/site-packages/sklearn/metrics/classification.py:1113: UndefinedMetricWarning: Precision is ill-defined and being set to 0.0 due to no predicted samples.
  'precision', 'predicted', average, warn_for)
/nfs/apps/7/arch/generic/scikit-learn/0.18.0-Python-2.7.12/lib/python2.7/site-packages/sklearn/metrics/classification.py:1113: UndefinedMetricWarning: F-score is ill-defined and being set to 0.0 due to no predicted samples.
  'precision', 'predicted', average, warn_for)
/nfs/apps/7/arch/generic/scikit-learn/0.18.0-Python-2.7.12/lib/python2.7/site-packages/sklearn/metrics/classification.py:516: RuntimeWarning: invalid value encountered in double_scalars
  mcc = cov_ytyp / np.sqrt(var_yt * var_yp)
/nfs/apps/7/arch/generic/scikit-learn/0.18.0-Python-2.7.12/lib/python2.7/site-packages/sklearn/metrics/classification.py:1113: UndefinedMetricWarning: Precision is ill-defined and being set to 0.0 due to no predicted samples.
  'precision', 'predicted', average, warn_for)
/nfs/apps/7/arch/generic/scikit-learn/0.18.0-Python-2.7.12/lib/python2.7/site-packages/sklearn/metrics/classification.py:1113: UndefinedMetricWarning: F-score is ill-defined and being set to 0.0 due to no predicted samples.
  'precision', 'predicted', average, warn_for)
/nfs/apps/7/arch/generic/scikit-learn/0.18.0-Python-2.7.12/lib/python2.7/site-packages/sklearn/metrics/classification.py:516: RuntimeWarning: invalid value encountered in double_scalars
  mcc = cov_ytyp / np.sqrt(var_yt * var_yp)
